#
# There is insufficient memory for the Java Runtime Environment to continue.
# Native memory allocation (mmap) failed to map 65536 bytes for Failed to commit metaspace.
# Possible reasons:
#   The system is out of physical RAM or swap space
#   The process is running with CompressedOops enabled, and the Java Heap may be blocking the growth of the native heap
# Possible solutions:
#   Reduce memory load on the system
#   Increase physical memory or swap space
#   Check if swap backing store is full
#   Decrease Java heap size (-Xmx/-Xms)
#   Decrease number of Java threads
#   Decrease Java thread stack sizes (-Xss)
#   Set larger code cache with -XX:ReservedCodeCacheSize=
#   JVM is running with Unscaled Compressed Oops mode in which the Java heap is
#     placed in the first 4GB address space. The Java Heap base address is the
#     maximum limit for the native heap growth. Please use -XX:HeapBaseMinAddress
#     to set the Java Heap base and to place the Java Heap above 4GB virtual address.
# This output file may be truncated or incomplete.
#
#  Out of Memory Error (virtualSpaceNode.cpp:110), pid=35080, tid=3968
#
# JRE version: Java(TM) SE Runtime Environment (17.0.2+8) (build 17.0.2+8-LTS-86)
# Java VM: Java HotSpot(TM) 64-Bit Server VM (17.0.2+8-LTS-86, mixed mode, sharing, tiered, compressed oops, compressed class ptrs, g1 gc, windows-amd64)
# No core dump will be written. Minidumps are not enabled by default on client versions of Windows
#

---------------  S U M M A R Y ------------

Command Line: -Xmx64m -Xms64m -Dorg.gradle.appname=gradlew org.gradle.wrapper.GradleWrapperMain app:installDebug -PreactNativeDevServerPort=8081

Host: Intel(R) Core(TM) i7-9700 CPU @ 3.00GHz, 8 cores, 31G,  Windows 10 , 64 bit Build 18362 (10.0.18362.1)
Time: Wed Jan  4 01:11:52 2023 Transbaikal Standard Time elapsed time: 0.077396 seconds (0d 0h 0m 0s)

---------------  T H R E A D  ---------------

Current thread (0x00000244f3ad6e50):  JavaThread "main" [_thread_in_vm, id=3968, stack(0x0000005948d00000,0x0000005948e00000)]

Stack: [0x0000005948d00000,0x0000005948e00000]
Native frames: (J=compiled Java code, j=interpreted, Vv=VM code, C=native code)
V  [jvm.dll+0x670baa]
V  [jvm.dll+0x7cfcb4]
V  [jvm.dll+0x7d145e]
V  [jvm.dll+0x7d1ac3]
V  [jvm.dll+0x242bc5]
V  [jvm.dll+0x7cbc5b]
V  [jvm.dll+0x616966]
V  [jvm.dll+0x6169ca]
V  [jvm.dll+0x6191da]
V  [jvm.dll+0x617306]
V  [jvm.dll+0x367ba2]
V  [jvm.dll+0x1dfadb]
V  [jvm.dll+0x537c59]
V  [jvm.dll+0x1eea37]
V  [jvm.dll+0x74a15b]
V  [jvm.dll+0x74b502]
V  [jvm.dll+0x74b838]
V  [jvm.dll+0x23af1e]
V  [jvm.dll+0x36dda2]
V  [jvm.dll+0x408f4f]
V  [jvm.dll+0x41caeb]
C  [java.dll+0x1657]

Java frames: (J=compiled Java code, j=interpreted, Vv=VM code)
j  java.lang.ClassLoader.defineClass0(Ljava/lang/ClassLoader;Ljava/lang/Class;Ljava/lang/String;[BIILjava/security/ProtectionDomain;ZILjava/lang/Object;)Ljava/lang/Class;+0 java.base@17.0.2
j  java.lang.System$2.defineClass(Ljava/lang/ClassLoader;Ljava/lang/Class;Ljava/lang/String;[BLjava/security/ProtectionDomain;ZILjava/lang/Object;)Ljava/lang/Class;+17 java.base@17.0.2
j  java.lang.invoke.MethodHandles$Lookup$ClassDefiner.defineClass(ZLjava/lang/Object;)Ljava/lang/Class;+54 java.base@17.0.2
j  java.lang.invoke.MethodHandles$Lookup$ClassDefiner.defineClassAsLookup(Z)Ljava/lang/invoke/MethodHandles$Lookup;+3 java.base@17.0.2
j  java.lang.invoke.MethodHandles$Lookup.defineHiddenClass([BZ[Ljava/lang/invoke/MethodHandles$Lookup$ClassOption;)Ljava/lang/invoke/MethodHandles$Lookup;+65 java.base@17.0.2
j  java.lang.invoke.InnerClassLambdaMetafactory.generateInnerClass()Ljava/lang/Class;+580 java.base@17.0.2
j  java.lang.invoke.InnerClassLambdaMetafactory.spinInnerClass()Ljava/lang/Class;+107 java.base@17.0.2
j  java.lang.invoke.InnerClassLambdaMetafactory.buildCallSite()Ljava/lang/invoke/CallSite;+1 java.base@17.0.2
j  java.lang.invoke.LambdaMetafactory.metafactory(Ljava/lang/invoke/MethodHandles$Lookup;Ljava/lang/String;Ljava/lang/invoke/MethodType;Ljava/lang/invoke/MethodType;Ljava/lang/invoke/MethodHandle;Ljava/lang/invoke/MethodType;)Ljava/lang/invoke/CallSite;+67 java.base@17.0.2
j  java.lang.invoke.DirectMethodHandle$Holder.invokeStatic(Ljava/lang/Object;Ljava/lang/Object;Ljava/lang/Object;Ljava/lang/Object;Ljava/lang/Object;Ljava/lang/Object;Ljava/lang/Object;)Ljava/lang/Object;+20 java.base@17.0.2
j  java.lang.invoke.Invokers$Holder.invokeExact_MT(Ljava/lang/Object;Ljava/lang/Object;Ljava/lang/Object;Ljava/lang/Object;Ljava/lang/Object;Ljava/lang/Object;Ljava/lang/Object;Ljava/lang/Object;)Ljava/lang/Object;+28 java.base@17.0.2
j  java.lang.invoke.BootstrapMethodInvoker.invoke(Ljava/lang/Class;Ljava/lang/invoke/MethodHandle;Ljava/lang/String;Ljava/lang/Object;Ljava/lang/Object;Ljava/lang/Class;)Ljava/lang/Object;+319 java.base@17.0.2
j  java.lang.invoke.CallSite.makeSite(Ljava/lang/invoke/MethodHandle;Ljava/lang/String;Ljava/lang/invoke/MethodType;Ljava/lang/Object;Ljava/lang/Class;)Ljava/lang/invoke/CallSite;+8 java.base@17.0.2
j  java.lang.invoke.MethodHandleNatives.linkCallSiteImpl(Ljava/lang/Class;Ljava/lang/invoke/MethodHandle;Ljava/lang/String;Ljava/lang/invoke/MethodType;Ljava/lang/Object;[Ljava/lang/Object;)Ljava/lang/invoke/MemberName;+6 java.base@17.0.2
j  java.lang.invoke.MethodHandleNatives.linkCallSite(Ljava/lang/Object;ILjava/lang/Object;Ljava/lang/Object;Ljava/lang/Object;Ljava/lang/Object;[Ljava/lang/Object;)Ljava/lang/invoke/MemberName;+46 java.base@17.0.2
v  ~StubRoutines::call_stub
j  java.lang.invoke.VarHandleByteArrayAsLongs$ArrayHandle.<clinit>()V+0 java.base@17.0.2
v  ~StubRoutines::call_stub
j  java.lang.invoke.VarHandles.byteArrayViewHandle(Ljava/lang/Class;Z)Ljava/lang/invoke/VarHandle;+46 java.base@17.0.2
j  java.lang.invoke.MethodHandles.byteArrayViewVarHandle(Ljava/lang/Class;Ljava/nio/ByteOrder;)Ljava/lang/invoke/VarHandle;+18 java.base@17.0.2
j  sun.security.provider.ByteArrayAccess$LE.<clinit>()V+19 java.base@17.0.2
v  ~StubRoutines::call_stub
j  sun.security.provider.MD5.implCompress0([BI)V+31 java.base@17.0.2
j  sun.security.provider.MD5.implCompress([BI)V+9 java.base@17.0.2
j  sun.security.provider.DigestBase.engineUpdate([BII)V+128 java.base@17.0.2
j  sun.security.provider.MD5.implDigest([BI)V+46 java.base@17.0.2
j  sun.security.provider.DigestBase.engineDigest([BII)I+97 java.base@17.0.2
j  sun.security.provider.DigestBase.engineDigest()[B+12 java.base@17.0.2
j  java.security.MessageDigest$Delegate.engineDigest()[B+4 java.base@17.0.2
j  java.security.MessageDigest.digest()[B+1 java.base@17.0.2
j  org.gradle.wrapper.PathAssembler.getHash(Ljava/lang/String;)Ljava/lang/String;+22
j  org.gradle.wrapper.PathAssembler.rootDirName(Ljava/lang/String;Lorg/gradle/wrapper/WrapperConfiguration;)Ljava/lang/String;+11
j  org.gradle.wrapper.PathAssembler.getDistribution(Lorg/gradle/wrapper/WrapperConfiguration;)Lorg/gradle/wrapper/PathAssembler$LocalDistribution;+18
j  org.gradle.wrapper.Install.createDist(Lorg/gradle/wrapper/WrapperConfiguration;)Ljava/io/File;+15
j  org.gradle.wrapper.WrapperExecutor.execute([Ljava/lang/String;Lorg/gradle/wrapper/Install;Lorg/gradle/wrapper/BootstrapMainStarter;)V+5
j  org.gradle.wrapper.GradleWrapperMain.main([Ljava/lang/String;)V+190
v  ~StubRoutines::call_stub

---------------  P R O C E S S  ---------------

Threads class SMR info:
_java_thread_list=0x00000244fec7fb80, length=12, elements={
0x00000244f3ad6e50, 0x00000244f3b83c90, 0x00000244f3b85220, 0x00000244f3b9e9e0,
0x00000244fe20f790, 0x00000244fe210050, 0x00000244fe211920, 0x00000244fe21ee40,
0x00000244fe223b70, 0x00000244fe230c90, 0x00000244fec7c200, 0x00000244fec806f0
}

Java Threads: ( => current thread )
=>0x00000244f3ad6e50 JavaThread "main" [_thread_in_vm, id=3968, stack(0x0000005948d00000,0x0000005948e00000)]
  0x00000244f3b83c90 JavaThread "Reference Handler" daemon [_thread_blocked, id=35916, stack(0x0000005949400000,0x0000005949500000)]
  0x00000244f3b85220 JavaThread "Finalizer" daemon [_thread_blocked, id=36008, stack(0x0000005949500000,0x0000005949600000)]
  0x00000244f3b9e9e0 JavaThread "Signal Dispatcher" daemon [_thread_blocked, id=35356, stack(0x0000005949600000,0x0000005949700000)]
  0x00000244fe20f790 JavaThread "Attach Listener" daemon [_thread_blocked, id=32312, stack(0x0000005949700000,0x0000005949800000)]
  0x00000244fe210050 JavaThread "Service Thread" daemon [_thread_blocked, id=36448, stack(0x0000005949800000,0x0000005949900000)]
  0x00000244fe211920 JavaThread "Monitor Deflation Thread" daemon [_thread_blocked, id=35796, stack(0x0000005949900000,0x0000005949a00000)]
  0x00000244fe21ee40 JavaThread "C2 CompilerThread0" daemon [_thread_blocked, id=8488, stack(0x0000005949a00000,0x0000005949b00000)]
  0x00000244fe223b70 JavaThread "C1 CompilerThread0" daemon [_thread_blocked, id=35896, stack(0x0000005949b00000,0x0000005949c00000)]
  0x00000244fe230c90 JavaThread "Sweeper thread" daemon [_thread_blocked, id=32584, stack(0x0000005949c00000,0x0000005949d00000)]
  0x00000244fec7c200 JavaThread "Notification Thread" daemon [_thread_blocked, id=33132, stack(0x0000005949d00000,0x0000005949e00000)]
  0x00000244fec806f0 JavaThread "Common-Cleaner" daemon [_thread_blocked, id=35408, stack(0x0000005949f00000,0x000000594a000000)]

Other Threads:
  0x00000244f3b7ed80 VMThread "VM Thread" [stack: 0x0000005949300000,0x0000005949400000] [id=36076]
  0x00000244f3b042e0 WatcherThread [stack: 0x0000005949e00000,0x0000005949f00000] [id=3028]
  0x00000244f3af87d0 GCTaskThread "GC Thread#0" [stack: 0x0000005948e00000,0x0000005948f00000] [id=32452]
  0x00000244f3afce40 ConcurrentGCThread "G1 Main Marker" [stack: 0x0000005948f00000,0x0000005949000000] [id=24444]
  0x00000244f3afdf00 ConcurrentGCThread "G1 Conc#0" [stack: 0x0000005949000000,0x0000005949100000] [id=9112]
  0x00000244f3b5dc30 ConcurrentGCThread "G1 Refine#0" [stack: 0x0000005949100000,0x0000005949200000] [id=32784]
  0x00000244f3b5e560 ConcurrentGCThread "G1 Service" [stack: 0x0000005949200000,0x0000005949300000] [id=35300]

Threads with active compile tasks:

VM state: not at safepoint (normal execution)

VM Mutex/Monitor currently owned by a thread:  ([mutex/lock_event])
[0x00000244f3ad2fa0] Metaspace_lock - owner thread: 0x00000244f3ad6e50

Heap address: 0x00000000fc000000, size: 64 MB, Compressed Oops mode: 32-bit

CDS archive(s) mapped at: [0x0000000800000000-0x0000000800bc0000-0x0000000800bc0000), size 12320768, SharedBaseAddress: 0x0000000800000000, ArchiveRelocationMode: 0.
Compressed class space mapped at: 0x0000000800c00000-0x0000000840c00000, reserved size: 1073741824
Narrow klass base: 0x0000000800000000, Narrow klass shift: 0, Narrow klass range: 0x100000000

GC Precious Log:
 CPUs: 8 total, 8 available
 Memory: 32725M
 Large Page Support: Disabled
 NUMA Support: Disabled
 Compressed Oops: Enabled (32-bit)
 Heap Region Size: 1M
 Heap Min Capacity: 64M
 Heap Initial Capacity: 64M
 Heap Max Capacity: 64M
 Pre-touch: Disabled
 Parallel Workers: 8
 Concurrent Workers: 2
 Concurrent Refinement Workers: 8
 Periodic GC: Disabled

Heap:
 garbage-first heap   total 65536K, used 2048K [0x00000000fc000000, 0x0000000100000000)
  region size 1024K, 3 young (3072K), 0 survivors (0K)
 Metaspace       used 833K, committed 896K, reserved 1056768K
  class space    used 83K, committed 128K, reserved 1048576K

Heap Regions: E=young(eden), S=young(survivor), O=old, HS=humongous(starts), HC=humongous(continues), CS=collection set, F=free, OA=open archive, CA=closed archive, TAMS=top-at-mark-start (previous, next)
|   0|0x00000000fc000000, 0x00000000fc000000, 0x00000000fc100000|  0%| F|  |TAMS 0x00000000fc000000, 0x00000000fc000000| Untracked 
|   1|0x00000000fc100000, 0x00000000fc100000, 0x00000000fc200000|  0%| F|  |TAMS 0x00000000fc100000, 0x00000000fc100000| Untracked 
|   2|0x00000000fc200000, 0x00000000fc200000, 0x00000000fc300000|  0%| F|  |TAMS 0x00000000fc200000, 0x00000000fc200000| Untracked 
|   3|0x00000000fc300000, 0x00000000fc300000, 0x00000000fc400000|  0%| F|  |TAMS 0x00000000fc300000, 0x00000000fc300000| Untracked 
|   4|0x00000000fc400000, 0x00000000fc400000, 0x00000000fc500000|  0%| F|  |TAMS 0x00000000fc400000, 0x00000000fc400000| Untracked 
|   5|0x00000000fc500000, 0x00000000fc500000, 0x00000000fc600000|  0%| F|  |TAMS 0x00000000fc500000, 0x00000000fc500000| Untracked 
|   6|0x00000000fc600000, 0x00000000fc600000, 0x00000000fc700000|  0%| F|  |TAMS 0x00000000fc600000, 0x00000000fc600000| Untracked 
|   7|0x00000000fc700000, 0x00000000fc700000, 0x00000000fc800000|  0%| F|  |TAMS 0x00000000fc700000, 0x00000000fc700000| Untracked 
|   8|0x00000000fc800000, 0x00000000fc800000, 0x00000000fc900000|  0%| F|  |TAMS 0x00000000fc800000, 0x00000000fc800000| Untracked 
|   9|0x00000000fc900000, 0x00000000fc900000, 0x00000000fca00000|  0%| F|  |TAMS 0x00000000fc900000, 0x00000000fc900000| Untracked 
|  10|0x00000000fca00000, 0x00000000fca00000, 0x00000000fcb00000|  0%| F|  |TAMS 0x00000000fca00000, 0x00000000fca00000| Untracked 
|  11|0x00000000fcb00000, 0x00000000fcb00000, 0x00000000fcc00000|  0%| F|  |TAMS 0x00000000fcb00000, 0x00000000fcb00000| Untracked 
|  12|0x00000000fcc00000, 0x00000000fcc00000, 0x00000000fcd00000|  0%| F|  |TAMS 0x00000000fcc00000, 0x00000000fcc00000| Untracked 
|  13|0x00000000fcd00000, 0x00000000fcd00000, 0x00000000fce00000|  0%| F|  |TAMS 0x00000000fcd00000, 0x00000000fcd00000| Untracked 
|  14|0x00000000fce00000, 0x00000000fce00000, 0x00000000fcf00000|  0%| F|  |TAMS 0x00000000fce00000, 0x00000000fce00000| Untracked 
|  15|0x00000000fcf00000, 0x00000000fcf00000, 0x00000000fd000000|  0%| F|  |TAMS 0x00000000fcf00000, 0x00000000fcf00000| Untracked 
|  16|0x00000000fd000000, 0x00000000fd000000, 0x00000000fd100000|  0%| F|  |TAMS 0x00000000fd000000, 0x00000000fd000000| Untracked 
|  17|0x00000000fd100000, 0x00000000fd100000, 0x00000000fd200000|  0%| F|  |TAMS 0x00000000fd100000, 0x00000000fd100000| Untracked 
|  18|0x00000000fd200000, 0x00000000fd200000, 0x00000000fd300000|  0%| F|  |TAMS 0x00000000fd200000, 0x00000000fd200000| Untracked 
|  19|0x00000000fd300000, 0x00000000fd300000, 0x00000000fd400000|  0%| F|  |TAMS 0x00000000fd300000, 0x00000000fd300000| Untracked 
|  20|0x00000000fd400000, 0x00000000fd400000, 0x00000000fd500000|  0%| F|  |TAMS 0x00000000fd400000, 0x00000000fd400000| Untracked 
|  21|0x00000000fd500000, 0x00000000fd500000, 0x00000000fd600000|  0%| F|  |TAMS 0x00000000fd500000, 0x00000000fd500000| Untracked 
|  22|0x00000000fd600000, 0x00000000fd600000, 0x00000000fd700000|  0%| F|  |TAMS 0x00000000fd600000, 0x00000000fd600000| Untracked 
|  23|0x00000000fd700000, 0x00000000fd700000, 0x00000000fd800000|  0%| F|  |TAMS 0x00000000fd700000, 0x00000000fd700000| Untracked 
|  24|0x00000000fd800000, 0x00000000fd800000, 0x00000000fd900000|  0%| F|  |TAMS 0x00000000fd800000, 0x00000000fd800000| Untracked 
|  25|0x00000000fd900000, 0x00000000fd900000, 0x00000000fda00000|  0%| F|  |TAMS 0x00000000fd900000, 0x00000000fd900000| Untracked 
|  26|0x00000000fda00000, 0x00000000fda00000, 0x00000000fdb00000|  0%| F|  |TAMS 0x00000000fda00000, 0x00000000fda00000| Untracked 
|  27|0x00000000fdb00000, 0x00000000fdb00000, 0x00000000fdc00000|  0%| F|  |TAMS 0x00000000fdb00000, 0x00000000fdb00000| Untracked 
|  28|0x00000000fdc00000, 0x00000000fdc00000, 0x00000000fdd00000|  0%| F|  |TAMS 0x00000000fdc00000, 0x00000000fdc00000| Untracked 
|  29|0x00000000fdd00000, 0x00000000fdd00000, 0x00000000fde00000|  0%| F|  |TAMS 0x00000000fdd00000, 0x00000000fdd00000| Untracked 
|  30|0x00000000fde00000, 0x00000000fde00000, 0x00000000fdf00000|  0%| F|  |TAMS 0x00000000fde00000, 0x00000000fde00000| Untracked 
|  31|0x00000000fdf00000, 0x00000000fdf00000, 0x00000000fe000000|  0%| F|  |TAMS 0x00000000fdf00000, 0x00000000fdf00000| Untracked 
|  32|0x00000000fe000000, 0x00000000fe000000, 0x00000000fe100000|  0%| F|  |TAMS 0x00000000fe000000, 0x00000000fe000000| Untracked 
|  33|0x00000000fe100000, 0x00000000fe100000, 0x00000000fe200000|  0%| F|  |TAMS 0x00000000fe100000, 0x00000000fe100000| Untracked 
|  34|0x00000000fe200000, 0x00000000fe200000, 0x00000000fe300000|  0%| F|  |TAMS 0x00000000fe200000, 0x00000000fe200000| Untracked 
|  35|0x00000000fe300000, 0x00000000fe300000, 0x00000000fe400000|  0%| F|  |TAMS 0x00000000fe300000, 0x00000000fe300000| Untracked 
|  36|0x00000000fe400000, 0x00000000fe400000, 0x00000000fe500000|  0%| F|  |TAMS 0x00000000fe400000, 0x00000000fe400000| Untracked 
|  37|0x00000000fe500000, 0x00000000fe500000, 0x00000000fe600000|  0%| F|  |TAMS 0x00000000fe500000, 0x00000000fe500000| Untracked 
|  38|0x00000000fe600000, 0x00000000fe600000, 0x00000000fe700000|  0%| F|  |TAMS 0x00000000fe600000, 0x00000000fe600000| Untracked 
|  39|0x00000000fe700000, 0x00000000fe700000, 0x00000000fe800000|  0%| F|  |TAMS 0x00000000fe700000, 0x00000000fe700000| Untracked 
|  40|0x00000000fe800000, 0x00000000fe800000, 0x00000000fe900000|  0%| F|  |TAMS 0x00000000fe800000, 0x00000000fe800000| Untracked 
|  41|0x00000000fe900000, 0x00000000fe900000, 0x00000000fea00000|  0%| F|  |TAMS 0x00000000fe900000, 0x00000000fe900000| Untracked 
|  42|0x00000000fea00000, 0x00000000fea00000, 0x00000000feb00000|  0%| F|  |TAMS 0x00000000fea00000, 0x00000000fea00000| Untracked 
|  43|0x00000000feb00000, 0x00000000feb00000, 0x00000000fec00000|  0%| F|  |TAMS 0x00000000feb00000, 0x00000000feb00000| Untracked 
|  44|0x00000000fec00000, 0x00000000fec00000, 0x00000000fed00000|  0%| F|  |TAMS 0x00000000fec00000, 0x00000000fec00000| Untracked 
|  45|0x00000000fed00000, 0x00000000fed00000, 0x00000000fee00000|  0%| F|  |TAMS 0x00000000fed00000, 0x00000000fed00000| Untracked 
|  46|0x00000000fee00000, 0x00000000fee00000, 0x00000000fef00000|  0%| F|  |TAMS 0x00000000fee00000, 0x00000000fee00000| Untracked 
|  47|0x00000000fef00000, 0x00000000fef00000, 0x00000000ff000000|  0%| F|  |TAMS 0x00000000fef00000, 0x00000000fef00000| Untracked 
|  48|0x00000000ff000000, 0x00000000ff000000, 0x00000000ff100000|  0%| F|  |TAMS 0x00000000ff000000, 0x00000000ff000000| Untracked 
|  49|0x00000000ff100000, 0x00000000ff100000, 0x00000000ff200000|  0%| F|  |TAMS 0x00000000ff100000, 0x00000000ff100000| Untracked 
|  50|0x00000000ff200000, 0x00000000ff200000, 0x00000000ff300000|  0%| F|  |TAMS 0x00000000ff200000, 0x00000000ff200000| Untracked 
|  51|0x00000000ff300000, 0x00000000ff300000, 0x00000000ff400000|  0%| F|  |TAMS 0x00000000ff300000, 0x00000000ff300000| Untracked 
|  52|0x00000000ff400000, 0x00000000ff400000, 0x00000000ff500000|  0%| F|  |TAMS 0x00000000ff400000, 0x00000000ff400000| Untracked 
|  53|0x00000000ff500000, 0x00000000ff500000, 0x00000000ff600000|  0%| F|  |TAMS 0x00000000ff500000, 0x00000000ff500000| Untracked 
|  54|0x00000000ff600000, 0x00000000ff600000, 0x00000000ff700000|  0%| F|  |TAMS 0x00000000ff600000, 0x00000000ff600000| Untracked 
|  55|0x00000000ff700000, 0x00000000ff700000, 0x00000000ff800000|  0%| F|  |TAMS 0x00000000ff700000, 0x00000000ff700000| Untracked 
|  56|0x00000000ff800000, 0x00000000ff800000, 0x00000000ff900000|  0%| F|  |TAMS 0x00000000ff800000, 0x00000000ff800000| Untracked 
|  57|0x00000000ff900000, 0x00000000ff900000, 0x00000000ffa00000|  0%| F|  |TAMS 0x00000000ff900000, 0x00000000ff900000| Untracked 
|  58|0x00000000ffa00000, 0x00000000ffa00000, 0x00000000ffb00000|  0%| F|  |TAMS 0x00000000ffa00000, 0x00000000ffa00000| Untracked 
|  59|0x00000000ffb00000, 0x00000000ffb00000, 0x00000000ffc00000|  0%| F|  |TAMS 0x00000000ffb00000, 0x00000000ffb00000| Untracked 
|  60|0x00000000ffc00000, 0x00000000ffc00000, 0x00000000ffd00000|  0%| F|  |TAMS 0x00000000ffc00000, 0x00000000ffc00000| Untracked 
|  61|0x00000000ffd00000, 0x00000000ffd76448, 0x00000000ffe00000| 46%| E|  |TAMS 0x00000000ffd00000, 0x00000000ffd00000| Complete 
|  62|0x00000000ffe00000, 0x00000000fff00000, 0x00000000fff00000|100%| E|CS|TAMS 0x00000000ffe00000, 0x00000000ffe00000| Complete 
|  63|0x00000000fff00000, 0x0000000100000000, 0x0000000100000000|100%| E|CS|TAMS 0x00000000fff00000, 0x00000000fff00000| Complete 

Card table byte_map: [0x00000244f3a20000,0x00000244f3a40000] _byte_map_base: 0x00000244f3240000

Marking Bits (Prev, Next): (CMBitMap*) 0x00000244f3af9d00, (CMBitMap*) 0x00000244f3af9d40
 Prev Bits: [0x00000244fb660000, 0x00000244fb760000)
 Next Bits: [0x00000244fb760000, 0x00000244fb860000)

Polling page: 0x00000244f19a0000

Metaspace:

Usage:
  Non-class:    750.59 KB used.
      Class:     83.10 KB used.
       Both:    833.69 KB used.

Virtual space:
  Non-class space:        8.00 MB reserved,     768.00 KB (  9%) committed,  1 nodes.
      Class space:        1.00 GB reserved,     128.00 KB ( <1%) committed,  1 nodes.
             Both:        1.01 GB reserved,     896.00 KB ( <1%) committed. 

Chunk freelists:
   Non-Class:  3.88 MB
       Class:  3.73 MB
        Both:  7.60 MB

MaxMetaspaceSize: unlimited
CompressedClassSpaceSize: 1.00 GB
Initial GC threshold: 21.00 MB
Current GC threshold: 21.00 MB
CDS: on
MetaspaceReclaimPolicy: balanced
 - commit_granule_bytes: 65536.
 - commit_granule_words: 8192.
 - virtual_space_node_default_size: 1048576.
 - enlarge_chunks_in_place: 1.
 - new_chunks_are_fully_committed: 0.
 - uncommit_free_chunks: 1.
 - use_allocation_guard: 0.
 - handle_deallocations: 1.


Internal statistics:

num_allocs_failed_limit: 0.
num_arena_births: 6.
num_arena_deaths: 0.
num_vsnodes_births: 2.
num_vsnodes_deaths: 0.
num_space_committed: 14.
num_space_uncommitted: 0.
num_chunks_returned_to_freelist: 0.
num_chunks_taken_from_freelist: 18.
num_chunk_merges: 0.
num_chunk_splits: 8.
num_chunks_enlarged: 8.
num_purges: 0.
num_inconsistent_stats: 0.

CodeHeap 'non-profiled nmethods': size=120000Kb used=47Kb max_used=47Kb free=119952Kb
 bounds [0x0000024487ad0000, 0x0000024487d40000, 0x000002448f000000]
CodeHeap 'profiled nmethods': size=120000Kb used=241Kb max_used=241Kb free=119759Kb
 bounds [0x00000244805a0000, 0x0000024480810000, 0x0000024487ad0000]
CodeHeap 'non-nmethods': size=5760Kb used=1112Kb max_used=1112Kb free=4647Kb
 bounds [0x0000024480000000, 0x0000024480270000, 0x00000244805a0000]
 total_blobs=573 nmethods=182 adapters=304
 compilation: enabled
              stopped_count=0, restarted_count=0
 full_count=0

Compilation events (20 events):
Event: 0.074 Thread 0x00000244fe21ee40 nmethod 177 0x0000024487adb190 code [0x0000024487adb300, 0x0000024487adb3f8]
Event: 0.074 Thread 0x00000244fe223b70 nmethod 170 0x00000244805d3590 code [0x00000244805d3ea0, 0x00000244805d84b8]
Event: 0.074 Thread 0x00000244fe223b70  173       3       java.util.HashMap::get (19 bytes)
Event: 0.074 Thread 0x00000244fe223b70 nmethod 173 0x00000244805d9d10 code [0x00000244805d9ec0, 0x00000244805da088]
Event: 0.074 Thread 0x00000244fe223b70  175       3       jdk.internal.util.ArraysSupport::newLength (27 bytes)
Event: 0.074 Thread 0x00000244fe223b70 nmethod 175 0x00000244805da190 code [0x00000244805da340, 0x00000244805da5a8]
Event: 0.074 Thread 0x00000244fe223b70  176       3       java.lang.AbstractStringBuilder::newCapacity (59 bytes)
Event: 0.074 Thread 0x00000244fe223b70 nmethod 176 0x00000244805da690 code [0x00000244805da860, 0x00000244805dac58]
Event: 0.074 Thread 0x00000244fe223b70  171       3       java.util.Arrays::copyOf (19 bytes)
Event: 0.075 Thread 0x00000244fe223b70 nmethod 171 0x00000244805dae10 code [0x00000244805dafc0, 0x00000244805db2a8]
Event: 0.075 Thread 0x00000244fe223b70  172       3       java.util.Locale::getLanguage (8 bytes)
Event: 0.075 Thread 0x00000244fe223b70 nmethod 172 0x00000244805db410 code [0x00000244805db5a0, 0x00000244805db6d8]
Event: 0.075 Thread 0x00000244fe223b70  178       3       java.lang.StringBuilder::toString (35 bytes)
Event: 0.075 Thread 0x00000244fe223b70 nmethod 178 0x00000244805db790 code [0x00000244805db960, 0x00000244805dbc38]
Event: 0.075 Thread 0x00000244fe223b70  169       3       java.util.Objects::nonNull (10 bytes)
Event: 0.075 Thread 0x00000244fe223b70 nmethod 169 0x00000244805dbd10 code [0x00000244805dbea0, 0x00000244805dbff8]
Event: 0.075 Thread 0x00000244fe223b70  179       3       java.lang.StringBuilder::<init> (7 bytes)
Event: 0.075 Thread 0x00000244fe223b70 nmethod 179 0x00000244805dc090 code [0x00000244805dc220, 0x00000244805dc368]
Event: 0.075 Thread 0x00000244fe223b70  182       1       java.lang.module.ModuleDescriptor::isOpen (5 bytes)
Event: 0.075 Thread 0x00000244fe223b70 nmethod 182 0x0000024487adbc10 code [0x0000024487adbda0, 0x0000024487adbe78]

GC Heap History (0 events):
No events

Deoptimization events (0 events):
No events

Classes unloaded (0 events):
No events

Classes redefined (0 events):
No events

Internal exceptions (0 events):
No events

VM Operations (2 events):
Event: 0.043 Executing VM operation: HandshakeAllThreads
Event: 0.043 Executing VM operation: HandshakeAllThreads done

Events (20 events):
Event: 0.074 loading class java/security/MessageDigest$Delegate$CloneableDelegate done
Event: 0.074 loading class sun/security/provider/ByteArrayAccess$LE
Event: 0.074 loading class sun/security/provider/ByteArrayAccess$LE done
Event: 0.075 loading class java/lang/invoke/VarHandleByteArrayAsInts$ArrayHandle
Event: 0.075 loading class java/lang/invoke/VarHandleByteArrayAsInts$ByteArrayViewVarHandle
Event: 0.075 loading class java/lang/invoke/VarHandleByteArrayAsInts$ByteArrayViewVarHandle done
Event: 0.075 loading class java/lang/invoke/VarHandleByteArrayAsInts$ArrayHandle done
Event: 0.075 loading class java/lang/ArrayIndexOutOfBoundsException
Event: 0.075 loading class java/lang/IndexOutOfBoundsException
Event: 0.075 loading class java/lang/IndexOutOfBoundsException done
Event: 0.075 loading class java/lang/ArrayIndexOutOfBoundsException done
Event: 0.076 loading class java/lang/invoke/VarHandleByteArrayAsInts
Event: 0.076 loading class java/lang/invoke/VarHandleByteArrayBase
Event: 0.076 loading class java/lang/invoke/VarHandleByteArrayBase done
Event: 0.076 loading class java/lang/invoke/VarHandleByteArrayAsInts done
Event: 0.076 loading class java/lang/invoke/VarHandleByteArrayAsLongs$ArrayHandle
Event: 0.076 loading class java/lang/invoke/VarHandleByteArrayAsLongs$ByteArrayViewVarHandle
Event: 0.076 loading class java/lang/invoke/VarHandleByteArrayAsLongs$ByteArrayViewVarHandle done
Event: 0.076 loading class java/lang/invoke/VarHandleByteArrayAsLongs$ArrayHandle done
Event: 0.076 loading class java/lang/invoke/VarHandleByteArrayAsLongs


Dynamic libraries:
0x00007ff755540000 - 0x00007ff755550000 	C:\Program Files\Java\jdk-17.0.2\bin\java.exe
0x00007ff853960000 - 0x00007ff853b50000 	C:\Windows\SYSTEM32\ntdll.dll
0x00007ff851c50000 - 0x00007ff851d02000 	C:\Windows\System32\KERNEL32.DLL
0x00007ff8514f0000 - 0x00007ff851792000 	C:\Windows\System32\KERNELBASE.dll
0x00007ff8517d0000 - 0x00007ff8518ca000 	C:\Windows\System32\ucrtbase.dll
0x00007ff846460000 - 0x00007ff84647a000 	C:\Program Files\Java\jdk-17.0.2\bin\VCRUNTIME140.dll
0x00007ff8464f0000 - 0x00007ff846508000 	C:\Program Files\Java\jdk-17.0.2\bin\jli.dll
0x00007ff852df0000 - 0x00007ff852e93000 	C:\Windows\System32\ADVAPI32.dll
0x00007ff852ea0000 - 0x00007ff852f3e000 	C:\Windows\System32\msvcrt.dll
0x00007ff853810000 - 0x00007ff8538a7000 	C:\Windows\System32\sechost.dll
0x00007ff852270000 - 0x00007ff852390000 	C:\Windows\System32\RPCRT4.dll
0x00007ff8520d0000 - 0x00007ff852263000 	C:\Windows\System32\USER32.dll
0x00007ff8517a0000 - 0x00007ff8517c1000 	C:\Windows\System32\win32u.dll
0x00007ff8439f0000 - 0x00007ff843c75000 	C:\Windows\WinSxS\amd64_microsoft.windows.common-controls_6595b64144ccf1df_6.0.18362.30_none_a1435978519dce7f\COMCTL32.dll
0x00007ff851a20000 - 0x00007ff851a46000 	C:\Windows\System32\GDI32.dll
0x00007ff8509f0000 - 0x00007ff850b84000 	C:\Windows\System32\gdi32full.dll
0x00007ff852f90000 - 0x00007ff8532c6000 	C:\Windows\System32\combase.dll
0x00007ff8508f0000 - 0x00007ff85098e000 	C:\Windows\System32\msvcp_win.dll
0x00007ff850b90000 - 0x00007ff850c11000 	C:\Windows\System32\bcryptPrimitives.dll
0x00007ff849a50000 - 0x00007ff849a5a000 	C:\Windows\SYSTEM32\VERSION.dll
0x00007ff852f40000 - 0x00007ff852f6e000 	C:\Windows\System32\IMM32.DLL
0x00007ff848a30000 - 0x00007ff848a3c000 	C:\Program Files\Java\jdk-17.0.2\bin\vcruntime140_1.dll
0x00007ff831fc0000 - 0x00007ff83204d000 	C:\Program Files\Java\jdk-17.0.2\bin\msvcp140.dll
0x00007ff80c3f0000 - 0x00007ff80cfb1000 	C:\Program Files\Java\jdk-17.0.2\bin\server\jvm.dll
0x00007ff852f80000 - 0x00007ff852f88000 	C:\Windows\System32\PSAPI.DLL
0x00007ff848990000 - 0x00007ff848999000 	C:\Windows\SYSTEM32\WSOCK32.dll
0x00007ff852460000 - 0x00007ff8524cf000 	C:\Windows\System32\WS2_32.dll
0x00007ff84e7f0000 - 0x00007ff84e814000 	C:\Windows\SYSTEM32\WINMM.dll
0x00007ff84e7c0000 - 0x00007ff84e7ed000 	C:\Windows\SYSTEM32\winmmbase.dll
0x00007ff8518d0000 - 0x00007ff85191a000 	C:\Windows\System32\cfgmgr32.dll
0x00007ff8508d0000 - 0x00007ff8508e1000 	C:\Windows\System32\kernel.appcore.dll
0x00007ff8464e0000 - 0x00007ff8464ea000 	C:\Program Files\Java\jdk-17.0.2\bin\jimage.dll
0x00007ff840580000 - 0x00007ff840774000 	C:\Windows\SYSTEM32\DBGHELP.DLL
0x00007ff83fd70000 - 0x00007ff83fd9a000 	C:\Windows\SYSTEM32\dbgcore.DLL
0x00007ff8456c0000 - 0x00007ff8456e5000 	C:\Program Files\Java\jdk-17.0.2\bin\java.dll
0x00007ff82fb00000 - 0x00007ff82fbd6000 	C:\Program Files\Java\jdk-17.0.2\bin\jsvml.dll
0x00007ff852530000 - 0x00007ff852c10000 	C:\Windows\System32\SHELL32.dll
0x00007ff8523b0000 - 0x00007ff852459000 	C:\Windows\System32\shcore.dll
0x00007ff850c20000 - 0x00007ff85139b000 	C:\Windows\System32\windows.storage.dll
0x00007ff850890000 - 0x00007ff8508af000 	C:\Windows\System32\profapi.dll
0x00007ff850840000 - 0x00007ff85088a000 	C:\Windows\System32\powrprof.dll
0x00007ff850830000 - 0x00007ff850840000 	C:\Windows\System32\UMPDC.dll
0x00007ff8524d0000 - 0x00007ff852522000 	C:\Windows\System32\shlwapi.dll
0x00007ff851950000 - 0x00007ff851967000 	C:\Windows\System32\cryptsp.dll
0x00007ff846330000 - 0x00007ff846349000 	C:\Program Files\Java\jdk-17.0.2\bin\net.dll
0x00007ff849a60000 - 0x00007ff849b4f000 	C:\Windows\SYSTEM32\WINHTTP.dll
0x00007ff8500a0000 - 0x00007ff850107000 	C:\Windows\system32\mswsock.dll
0x00007ff8462f0000 - 0x00007ff846306000 	C:\Program Files\Java\jdk-17.0.2\bin\nio.dll
0x00007ff846060000 - 0x00007ff846078000 	C:\Program Files\Java\jdk-17.0.2\bin\zip.dll

dbghelp: loaded successfully - version: 4.0.5 - missing functions: none
symbol engine: initialized successfully - sym options: 0x614 - pdb path: .;C:\Program Files\Java\jdk-17.0.2\bin;C:\Windows\SYSTEM32;C:\Windows\WinSxS\amd64_microsoft.windows.common-controls_6595b64144ccf1df_6.0.18362.30_none_a1435978519dce7f;C:\Program Files\Java\jdk-17.0.2\bin\server

VM Arguments:
jvm_args: -Xmx64m -Xms64m -Dorg.gradle.appname=gradlew 
java_command: org.gradle.wrapper.GradleWrapperMain app:installDebug -PreactNativeDevServerPort=8081
java_class_path (initial): E:\test\bLinked\android\\gradle\wrapper\gradle-wrapper.jar
Launcher Type: SUN_STANDARD

[Global flags]
     intx CICompilerCount                          = 4                                         {product} {ergonomic}
     uint ConcGCThreads                            = 2                                         {product} {ergonomic}
     uint G1ConcRefinementThreads                  = 8                                         {product} {ergonomic}
   size_t G1HeapRegionSize                         = 1048576                                   {product} {ergonomic}
    uintx GCDrainStackTargetSize                   = 64                                        {product} {ergonomic}
   size_t InitialHeapSize                          = 67108864                                  {product} {command line}
   size_t MarkStackSize                            = 4194304                                   {product} {ergonomic}
   size_t MaxHeapSize                              = 67108864                                  {product} {command line}
   size_t MaxNewSize                               = 39845888                                  {product} {ergonomic}
   size_t MinHeapDeltaBytes                        = 1048576                                   {product} {ergonomic}
   size_t MinHeapSize                              = 67108864                                  {product} {command line}
    uintx NonNMethodCodeHeapSize                   = 5839372                                {pd product} {ergonomic}
    uintx NonProfiledCodeHeapSize                  = 122909434                              {pd product} {ergonomic}
    uintx ProfiledCodeHeapSize                     = 122909434                              {pd product} {ergonomic}
    uintx ReservedCodeCacheSize                    = 251658240                              {pd product} {ergonomic}
     bool SegmentedCodeCache                       = true                                      {product} {ergonomic}
   size_t SoftMaxHeapSize                          = 67108864                               {manageable} {ergonomic}
     bool UseCompressedClassPointers               = true                           {product lp64_product} {ergonomic}
     bool UseCompressedOops                        = true                           {product lp64_product} {ergonomic}
     bool UseG1GC                                  = true                                      {product} {ergonomic}
     bool UseLargePagesIndividualAllocation        = false                                  {pd product} {ergonomic}

Logging:
Log output configuration:
 #0: stdout all=warning uptime,level,tags
 #1: stderr all=off uptime,level,tags

Environment Variables:
JAVA_HOME=C:\Program Files\Java\jdk-17.0.2
CLASSPATH=E:\test\bLinked\android\\gradle\wrapper\gradle-wrapper.jar
PATH=E:\test\bLinked\android\node_modules\.bin;E:\test\bLinked\node_modules\.bin;E:\test\node_modules\.bin;E:\node_modules\.bin;C:\Program Files\nodejs;E:\test\bLinked\node_modules\.bin;E:\test\node_modules\.bin;E:\node_modules\.bin;C:\Program Files\nodejs\node_modules\npm\node_modules\@npmcli\run-script\lib\node-gyp-bin;E:\test\bLinked\node_modules\.bin;C:\Users\Agile\bin;C:\Program Files\Git\mingw64\bin;C:\Program Files\Git\usr\local\bin;C:\Program Files\Git\usr\bin;C:\Program Files\Git\usr\bin;C:\Program Files\Git\mingw64\bin;C:\Program Files\Git\usr\bin;C:\Users\Agile\bin;C:\Program Files\Common Files\Oracle\Java\javapath;C:\Program Files\Microsoft\jdk-11.0.12.7-hotspot\bin;C:\Program Files (x86)\VMware\VMware Workstation\bin;C:\Windows\system32;C:\Windows;C:\Windows\System32\Wbem;C:\Windows\System32\WindowsPowerShell\v1.0;C:\Windows\System32\OpenSSH;C:\Program Files\Microsoft SQL Server\150\Tools\Binn;C:\Program Files\Microsoft SQL Server\Client SDK\ODBC\170\Tools\Binn;C:\Program Files\MongoDB\Server\6.0\bin;C:\Program Files\dotnet;C:\Users\Agile\anaconda3;C:\composer;C:\Program Files\Docker\Docker\resources\bin;C:\Program Files\nodejs;C:\Program Files\Git\cmd;C:\ProgramData\chocolatey\bin;C:\Users\Agile\AppData\Local\Programs\Python\Python311\Scripts;C:\Users\Agile\AppData\Local\Programs\Python\Python311;C:\Users\Agile\AppData\Local\Microsoft\WindowsApps;C:\Users\Agile\AppData\Local\Programs\Microsoft VS Code\bin;C:\Program Files\PostgreSQL\15\bin;C:\Users\Agile\.dotnet\tools;C:\Users\Agile\anaconda3;C:\Program Files\JetBrains\PyCharm 2022.3\bin;C:\xampp\php;C:\Users\Agile\AppData\Roaming\Composer\vendor\bin;C:\Users\Agile\anaconda3\Scripts;C:\Users\Agile\AppData\Roaming\npm;C:\Users\Agile\AppData\Local\Android\Sdk\platform-tools;C:\Program Files\Java\jdk-17.0.2\bin;C:\Program Files\Git\usr\bin\vendor_perl;C:\Program Files\Git\usr\bin\core_perl
USERNAME=Agile
SHELL=C:\Program Files\Git\usr\bin\bash.exe
DISPLAY=needs-to-be-defined
LANG=en_US.UTF-8
OS=Windows_NT
PROCESSOR_IDENTIFIER=Intel64 Family 6 Model 158 Stepping 13, GenuineIntel



---------------  S Y S T E M  ---------------

OS:
 Windows 10 , 64 bit Build 18362 (10.0.18362.1)
OS uptime: 3 days 5:26 hours

CPU: total 8 (initial active 8) (8 cores per cpu, 1 threads per core) family 6 model 158 stepping 13 microcode 0xaa, cx8, cmov, fxsr, mmx, 3dnowpref, sse, sse2, sse3, ssse3, sse4.1, sse4.2, popcnt, lzcnt, tsc, tscinvbit, avx, avx2, aes, erms, clmul, bmi1, bmi2, rtm, adx, fma, vzeroupper, clflush, clflushopt

Memory: 4k page, system-wide physical 32725M (3568M free)
TotalPageFile size 32725M (AvailPageFile size 4M)
current process WorkingSet (physical memory assigned to process): 32M, peak: 32M
current process commit charge ("private bytes"): 144M, peak: 144M

vm_info: Java HotSpot(TM) 64-Bit Server VM (17.0.2+8-LTS-86) for windows-amd64 JRE (17.0.2+8-LTS-86), built on Dec  7 2021 21:51:03 by "mach5one" with MS VC++ 16.8 / 16.9 (VS2019)

END.
